<?xml version="1.0" encoding="UTF-8"?>
<coverage generated="1460689346">
  <project timestamp="1460689346">
    <package name="Meek\Http">
      <file name="C:\wamp\www\meek-http\src/Client.php">
        <class name="Client" namespace="Meek\Http">
          <metrics methods="2" coveredmethods="0" conditionals="0" coveredconditionals="0" statements="3" coveredstatements="0" elements="5" coveredelements="0"/>
        </class>
        <line num="23" type="method" name="__construct" crap="2" count="0"/>
        <line num="25" type="stmt" count="0"/>
        <line num="26" type="stmt" count="0"/>
        <line num="28" type="method" name="dispatch" crap="2" count="0"/>
        <line num="33" type="stmt" count="0"/>
        <metrics loc="34" ncloc="19" classes="1" methods="2" coveredmethods="0" conditionals="0" coveredconditionals="0" statements="3" coveredstatements="0" elements="5" coveredelements="0"/>
      </file>
      <file name="C:\wamp\www\meek-http\src/Cookie.php">
        <class name="Cookie" namespace="Meek\Http">
          <metrics methods="16" coveredmethods="0" conditionals="0" coveredconditionals="0" statements="64" coveredstatements="0" elements="80" coveredelements="0"/>
        </class>
        <line num="19" type="method" name="__construct" crap="2" count="0"/>
        <line num="28" type="stmt" count="0"/>
        <line num="29" type="stmt" count="0"/>
        <line num="30" type="stmt" count="0"/>
        <line num="31" type="stmt" count="0"/>
        <line num="32" type="stmt" count="0"/>
        <line num="33" type="stmt" count="0"/>
        <line num="34" type="stmt" count="0"/>
        <line num="35" type="stmt" count="0"/>
        <line num="37" type="method" name="setName" crap="12" count="0"/>
        <line num="39" type="stmt" count="0"/>
        <line num="40" type="stmt" count="0"/>
        <line num="41" type="stmt" count="0"/>
        <line num="42" type="stmt" count="0"/>
        <line num="45" type="stmt" count="0"/>
        <line num="46" type="stmt" count="0"/>
        <line num="49" type="stmt" count="0"/>
        <line num="51" type="stmt" count="0"/>
        <line num="54" type="method" name="getName" crap="2" count="0"/>
        <line num="56" type="stmt" count="0"/>
        <line num="59" type="method" name="setValue" crap="2" count="0"/>
        <line num="61" type="stmt" count="0"/>
        <line num="63" type="stmt" count="0"/>
        <line num="66" type="method" name="getValue" crap="2" count="0"/>
        <line num="68" type="stmt" count="0"/>
        <line num="71" type="method" name="setExpire" crap="42" count="0"/>
        <line num="73" type="stmt" count="0"/>
        <line num="74" type="stmt" count="0"/>
        <line num="75" type="stmt" count="0"/>
        <line num="76" type="stmt" count="0"/>
        <line num="78" type="stmt" count="0"/>
        <line num="79" type="stmt" count="0"/>
        <line num="81" type="stmt" count="0"/>
        <line num="83" type="stmt" count="0"/>
        <line num="85" type="stmt" count="0"/>
        <line num="88" type="method" name="getExpire" crap="2" count="0"/>
        <line num="90" type="stmt" count="0"/>
        <line num="93" type="method" name="setPath" crap="6" count="0"/>
        <line num="95" type="stmt" count="0"/>
        <line num="97" type="stmt" count="0"/>
        <line num="100" type="method" name="getPath" crap="2" count="0"/>
        <line num="102" type="stmt" count="0"/>
        <line num="105" type="method" name="setDomain" crap="2" count="0"/>
        <line num="107" type="stmt" count="0"/>
        <line num="109" type="stmt" count="0"/>
        <line num="112" type="method" name="getDomain" crap="2" count="0"/>
        <line num="114" type="stmt" count="0"/>
        <line num="117" type="method" name="setSecure" crap="2" count="0"/>
        <line num="119" type="stmt" count="0"/>
        <line num="121" type="stmt" count="0"/>
        <line num="124" type="method" name="setHttpOnly" crap="2" count="0"/>
        <line num="126" type="stmt" count="0"/>
        <line num="128" type="stmt" count="0"/>
        <line num="131" type="method" name="isSecure" crap="2" count="0"/>
        <line num="133" type="stmt" count="0"/>
        <line num="136" type="method" name="isHttpOnly" crap="2" count="0"/>
        <line num="138" type="stmt" count="0"/>
        <line num="141" type="method" name="__toString" crap="56" count="0"/>
        <line num="143" type="stmt" count="0"/>
        <line num="146" type="stmt" count="0"/>
        <line num="148" type="stmt" count="0"/>
        <line num="149" type="stmt" count="0"/>
        <line num="150" type="stmt" count="0"/>
        <line num="151" type="stmt" count="0"/>
        <line num="153" type="stmt" count="0"/>
        <line num="154" type="stmt" count="0"/>
        <line num="155" type="stmt" count="0"/>
        <line num="158" type="stmt" count="0"/>
        <line num="159" type="stmt" count="0"/>
        <line num="160" type="stmt" count="0"/>
        <line num="162" type="stmt" count="0"/>
        <line num="163" type="stmt" count="0"/>
        <line num="164" type="stmt" count="0"/>
        <line num="166" type="stmt" count="0"/>
        <line num="167" type="stmt" count="0"/>
        <line num="168" type="stmt" count="0"/>
        <line num="170" type="stmt" count="0"/>
        <line num="171" type="stmt" count="0"/>
        <line num="172" type="stmt" count="0"/>
        <line num="174" type="stmt" count="0"/>
        <metrics loc="176" ncloc="174" classes="1" methods="16" coveredmethods="0" conditionals="0" coveredconditionals="0" statements="64" coveredstatements="0" elements="80" coveredelements="0"/>
      </file>
      <file name="C:\wamp\www\meek-http\src/CookieCollection.php">
        <class name="CookieCollection" namespace="Meek\Http">
          <metrics methods="3" coveredmethods="0" conditionals="0" coveredconditionals="0" statements="11" coveredstatements="0" elements="14" coveredelements="0"/>
        </class>
        <line num="10" type="method" name="__construct" crap="2" count="0"/>
        <line num="12" type="stmt" count="0"/>
        <line num="13" type="stmt" count="0"/>
        <line num="15" type="method" name="set" crap="6" count="0"/>
        <line num="17" type="stmt" count="0"/>
        <line num="18" type="stmt" count="0"/>
        <line num="19" type="stmt" count="0"/>
        <line num="21" type="stmt" count="0"/>
        <line num="24" type="method" name="replace" crap="6" count="0"/>
        <line num="26" type="stmt" count="0"/>
        <line num="28" type="stmt" count="0"/>
        <line num="29" type="stmt" count="0"/>
        <line num="30" type="stmt" count="0"/>
        <line num="32" type="stmt" count="0"/>
        <metrics loc="34" ncloc="34" classes="1" methods="3" coveredmethods="0" conditionals="0" coveredconditionals="0" statements="11" coveredstatements="0" elements="14" coveredelements="0"/>
      </file>
      <file name="C:\wamp\www\meek-http\src/DataCollection.php">
        <class name="DataCollection" namespace="Meek\Http">
          <metrics methods="23" coveredmethods="0" conditionals="0" coveredconditionals="0" statements="41" coveredstatements="0" elements="64" coveredelements="0"/>
        </class>
        <line num="14" type="method" name="__construct" crap="2" count="0"/>
        <line num="16" type="stmt" count="0"/>
        <line num="17" type="stmt" count="0"/>
        <line num="19" type="method" name="get" crap="6" count="0"/>
        <line num="21" type="stmt" count="0"/>
        <line num="22" type="stmt" count="0"/>
        <line num="25" type="stmt" count="0"/>
        <line num="28" type="method" name="set" crap="2" count="0"/>
        <line num="30" type="stmt" count="0"/>
        <line num="32" type="stmt" count="0"/>
        <line num="35" type="method" name="exists" crap="2" count="0"/>
        <line num="37" type="stmt" count="0"/>
        <line num="40" type="method" name="remove" crap="6" count="0"/>
        <line num="42" type="stmt" count="0"/>
        <line num="43" type="stmt" count="0"/>
        <line num="44" type="stmt" count="0"/>
        <line num="46" type="stmt" count="0"/>
        <line num="49" type="method" name="clear" crap="2" count="0"/>
        <line num="51" type="stmt" count="0"/>
        <line num="53" type="stmt" count="0"/>
        <line num="56" type="method" name="replace" crap="2" count="0"/>
        <line num="58" type="stmt" count="0"/>
        <line num="60" type="stmt" count="0"/>
        <line num="63" type="method" name="merge" crap="6" count="0"/>
        <line num="65" type="stmt" count="0"/>
        <line num="66" type="stmt" count="0"/>
        <line num="67" type="stmt" count="0"/>
        <line num="68" type="stmt" count="0"/>
        <line num="71" type="stmt" count="0"/>
        <line num="74" type="method" name="all" crap="2" count="0"/>
        <line num="76" type="stmt" count="0"/>
        <line num="79" type="method" name="keys" crap="2" count="0"/>
        <line num="81" type="stmt" count="0"/>
        <line num="84" type="method" name="values" crap="2" count="0"/>
        <line num="86" type="stmt" count="0"/>
        <line num="89" type="method" name="map" crap="2" count="0"/>
        <line num="91" type="stmt" count="0"/>
        <line num="93" type="stmt" count="0"/>
        <line num="96" type="method" name="isEmpty" crap="2" count="0"/>
        <line num="98" type="stmt" count="0"/>
        <line num="101" type="method" name="__get" crap="2" count="0"/>
        <line num="103" type="stmt" count="0"/>
        <line num="106" type="method" name="__set" crap="2" count="0"/>
        <line num="108" type="stmt" count="0"/>
        <line num="109" type="stmt" count="0"/>
        <line num="111" type="method" name="__isset" crap="2" count="0"/>
        <line num="113" type="stmt" count="0"/>
        <line num="116" type="method" name="__unset" crap="2" count="0"/>
        <line num="118" type="stmt" count="0"/>
        <line num="119" type="stmt" count="0"/>
        <line num="121" type="method" name="offsetGet" crap="2" count="0"/>
        <line num="123" type="stmt" count="0"/>
        <line num="126" type="method" name="offsetSet" crap="2" count="0"/>
        <line num="128" type="stmt" count="0"/>
        <line num="129" type="stmt" count="0"/>
        <line num="131" type="method" name="offsetExists" crap="2" count="0"/>
        <line num="133" type="stmt" count="0"/>
        <line num="136" type="method" name="offsetUnset" crap="2" count="0"/>
        <line num="138" type="stmt" count="0"/>
        <line num="139" type="stmt" count="0"/>
        <line num="141" type="method" name="getIterator" crap="2" count="0"/>
        <line num="143" type="stmt" count="0"/>
        <line num="146" type="method" name="count" crap="2" count="0"/>
        <line num="148" type="stmt" count="0"/>
        <metrics loc="150" ncloc="150" classes="1" methods="23" coveredmethods="0" conditionals="0" coveredconditionals="0" statements="41" coveredstatements="0" elements="64" coveredelements="0"/>
      </file>
      <file name="C:\wamp\www\meek-http\src/FileResponse.php">
        <class name="FileResponse" namespace="Meek\Http">
          <metrics methods="5" coveredmethods="0" conditionals="0" coveredconditionals="0" statements="15" coveredstatements="0" elements="20" coveredelements="0"/>
        </class>
        <line num="15" type="method" name="__construct" crap="2" count="0"/>
        <line num="17" type="stmt" count="0"/>
        <line num="19" type="stmt" count="0"/>
        <line num="20" type="stmt" count="0"/>
        <line num="22" type="method" name="open" crap="2" count="0"/>
        <line num="25" type="stmt" count="0"/>
        <line num="27" type="method" name="close" crap="2" count="0"/>
        <line num="30" type="stmt" count="0"/>
        <line num="32" type="method" name="setPath" crap="6" count="0"/>
        <line num="34" type="stmt" count="0"/>
        <line num="35" type="stmt" count="0"/>
        <line num="38" type="stmt" count="0"/>
        <line num="39" type="stmt" count="0"/>
        <line num="40" type="stmt" count="0"/>
        <line num="41" type="stmt" count="0"/>
        <line num="43" type="stmt" count="0"/>
        <line num="46" type="method" name="send" crap="2" count="0"/>
        <line num="48" type="stmt" count="0"/>
        <line num="49" type="stmt" count="0"/>
        <line num="51" type="stmt" count="0"/>
        <metrics loc="53" ncloc="50" classes="1" methods="5" coveredmethods="0" conditionals="0" coveredconditionals="0" statements="15" coveredstatements="0" elements="20" coveredelements="0"/>
      </file>
      <file name="C:\wamp\www\meek-http\src/HeaderCollection.php">
        <class name="HeaderCollection" namespace="Meek\Http">
          <metrics methods="13" coveredmethods="0" conditionals="0" coveredconditionals="0" statements="45" coveredstatements="0" elements="58" coveredelements="0"/>
        </class>
        <line num="22" type="method" name="__construct" crap="2" count="0"/>
        <line num="24" type="stmt" count="0"/>
        <line num="25" type="stmt" count="0"/>
        <line num="26" type="stmt" count="0"/>
        <line num="28" type="method" name="get" crap="2" count="0"/>
        <line num="30" type="stmt" count="0"/>
        <line num="32" type="stmt" count="0"/>
        <line num="35" type="method" name="set" crap="2" count="0"/>
        <line num="37" type="stmt" count="0"/>
        <line num="39" type="stmt" count="0"/>
        <line num="42" type="method" name="exists" crap="2" count="0"/>
        <line num="44" type="stmt" count="0"/>
        <line num="46" type="stmt" count="0"/>
        <line num="49" type="method" name="remove" crap="2" count="0"/>
        <line num="51" type="stmt" count="0"/>
        <line num="53" type="stmt" count="0"/>
        <line num="56" type="method" name="replace" crap="6" count="0"/>
        <line num="58" type="stmt" count="0"/>
        <line num="60" type="stmt" count="0"/>
        <line num="61" type="stmt" count="0"/>
        <line num="62" type="stmt" count="0"/>
        <line num="64" type="stmt" count="0"/>
        <line num="67" type="method" name="getNormalization" crap="2" count="0"/>
        <line num="69" type="stmt" count="0"/>
        <line num="72" type="method" name="setNormalization" crap="2" count="0"/>
        <line num="74" type="stmt" count="0"/>
        <line num="76" type="stmt" count="0"/>
        <line num="79" type="method" name="send" crap="12" count="0"/>
        <line num="81" type="stmt" count="0"/>
        <line num="82" type="stmt" count="0"/>
        <line num="83" type="stmt" count="0"/>
        <line num="84" type="stmt" count="0"/>
        <line num="85" type="stmt" count="0"/>
        <line num="87" type="stmt" count="0"/>
        <line num="90" type="method" name="__toString" crap="6" count="0"/>
        <line num="92" type="stmt" count="0"/>
        <line num="94" type="stmt" count="0"/>
        <line num="95" type="stmt" count="0"/>
        <line num="96" type="stmt" count="0"/>
        <line num="98" type="stmt" count="0"/>
        <line num="101" type="method" name="__invoke" crap="2" count="0"/>
        <line num="103" type="stmt" count="0"/>
        <line num="106" type="method" name="normalize" crap="30" count="0"/>
        <line num="108" type="stmt" count="0"/>
        <line num="109" type="stmt" count="0"/>
        <line num="110" type="stmt" count="0"/>
        <line num="112" type="stmt" count="0"/>
        <line num="113" type="stmt" count="0"/>
        <line num="114" type="stmt" count="0"/>
        <line num="116" type="stmt" count="0"/>
        <line num="117" type="stmt" count="0"/>
        <line num="118" type="stmt" count="0"/>
        <line num="120" type="stmt" count="0"/>
        <line num="121" type="stmt" count="0"/>
        <line num="122" type="stmt" count="0"/>
        <line num="124" type="stmt" count="0"/>
        <line num="127" type="method" name="canonicalize" crap="2" count="0"/>
        <line num="129" type="stmt" count="0"/>
        <metrics loc="131" ncloc="127" classes="1" methods="13" coveredmethods="0" conditionals="0" coveredconditionals="0" statements="45" coveredstatements="0" elements="58" coveredelements="0"/>
      </file>
      <file name="C:\wamp\www\meek-http\src/JsonResponse.php">
        <class name="JsonResponse" namespace="Meek\Http">
          <metrics methods="2" coveredmethods="0" conditionals="0" coveredconditionals="0" statements="5" coveredstatements="0" elements="7" coveredelements="0"/>
        </class>
        <line num="13" type="method" name="__construct" crap="2" count="0"/>
        <line num="15" type="stmt" count="0"/>
        <line num="17" type="stmt" count="0"/>
        <line num="18" type="stmt" count="0"/>
        <line num="20" type="method" name="setBody" crap="2" count="0"/>
        <line num="22" type="stmt" count="0"/>
        <line num="24" type="stmt" count="0"/>
        <metrics loc="26" ncloc="23" classes="1" methods="2" coveredmethods="0" conditionals="0" coveredconditionals="0" statements="5" coveredstatements="0" elements="7" coveredelements="0"/>
      </file>
      <file name="C:\wamp\www\meek-http\src/Message.php">
        <class name="Message" namespace="Meek\Http" fullPackage="Meek" package="Meek">
          <metrics methods="12" coveredmethods="10" conditionals="0" coveredconditionals="0" statements="61" coveredstatements="57" elements="73" coveredelements="67"/>
        </class>
        <line num="52" type="method" name="getProtocolVersion" crap="1" count="2"/>
        <line num="54" type="stmt" count="2"/>
        <line num="60" type="method" name="withProtocolVersion" crap="2" count="8"/>
        <line num="62" type="stmt" count="8"/>
        <line num="63" type="stmt" count="7"/>
        <line num="66" type="stmt" count="1"/>
        <line num="67" type="stmt" count="1"/>
        <line num="69" type="stmt" count="1"/>
        <line num="75" type="method" name="getHeaders" crap="1" count="1"/>
        <line num="77" type="stmt" count="1"/>
        <line num="83" type="method" name="hasHeader" crap="1" count="6"/>
        <line num="85" type="stmt" count="6"/>
        <line num="91" type="method" name="getHeader" crap="3" count="9"/>
        <line num="93" type="stmt" count="9"/>
        <line num="94" type="stmt" count="3"/>
        <line num="97" type="stmt" count="6"/>
        <line num="98" type="stmt" count="6"/>
        <line num="100" type="stmt" count="6"/>
        <line num="106" type="method" name="getHeaderLine" crap="1" count="9"/>
        <line num="108" type="stmt" count="9"/>
        <line num="114" type="method" name="withHeader" crap="5" count="14"/>
        <line num="116" type="stmt" count="14"/>
        <line num="117" type="stmt" count="3"/>
        <line num="118" type="stmt" count="3"/>
        <line num="120" type="stmt" count="14"/>
        <line num="121" type="stmt" count="9"/>
        <line num="124" type="stmt" count="5"/>
        <line num="125" type="stmt" count="5"/>
        <line num="128" type="stmt" count="5"/>
        <line num="129" type="stmt" count="1"/>
        <line num="130" type="stmt" count="1"/>
        <line num="132" type="stmt" count="5"/>
        <line num="133" type="stmt" count="5"/>
        <line num="135" type="stmt" count="5"/>
        <line num="141" type="method" name="withAddedHeader" crap="5" count="12"/>
        <line num="143" type="stmt" count="12"/>
        <line num="144" type="stmt" count="2"/>
        <line num="145" type="stmt" count="2"/>
        <line num="147" type="stmt" count="12"/>
        <line num="148" type="stmt" count="9"/>
        <line num="151" type="stmt" count="3"/>
        <line num="152" type="stmt" count="1"/>
        <line num="155" type="stmt" count="2"/>
        <line num="156" type="stmt" count="2"/>
        <line num="157" type="stmt" count="2"/>
        <line num="159" type="stmt" count="2"/>
        <line num="165" type="method" name="withoutHeader" crap="2" count="4"/>
        <line num="167" type="stmt" count="4"/>
        <line num="168" type="stmt" count="1"/>
        <line num="171" type="stmt" count="3"/>
        <line num="172" type="stmt" count="3"/>
        <line num="173" type="stmt" count="3"/>
        <line num="174" type="stmt" count="3"/>
        <line num="176" type="stmt" count="3"/>
        <line num="182" type="method" name="getBody" crap="2" count="0"/>
        <line num="184" type="stmt" count="0"/>
        <line num="190" type="method" name="withBody" crap="2" count="0"/>
        <line num="192" type="stmt" count="0"/>
        <line num="193" type="stmt" count="0"/>
        <line num="195" type="stmt" count="0"/>
        <line num="209" type="method" name="setHeaders" crap="4" count="1"/>
        <line num="211" type="stmt" count="1"/>
        <line num="212" type="stmt" count="1"/>
        <line num="214" type="stmt" count="1"/>
        <line num="215" type="stmt" count="1"/>
        <line num="216" type="stmt" count="1"/>
        <line num="217" type="stmt" count="1"/>
        <line num="219" type="stmt" count="1"/>
        <line num="220" type="stmt" count="1"/>
        <line num="221" type="stmt" count="1"/>
        <line num="222" type="stmt" count="1"/>
        <line num="223" type="stmt" count="1"/>
        <line num="224" type="stmt" count="1"/>
        <metrics loc="225" ncloc="148" classes="1" methods="12" coveredmethods="10" conditionals="0" coveredconditionals="0" statements="61" coveredstatements="57" elements="73" coveredelements="67"/>
      </file>
      <file name="C:\wamp\www\meek-http\src/RedirectedResponse.php">
        <class name="RedirectedResponse" namespace="Meek\Http">
          <metrics methods="1" coveredmethods="0" conditionals="0" coveredconditionals="0" statements="3" coveredstatements="0" elements="4" coveredelements="0"/>
        </class>
        <line num="13" type="method" name="__construct" crap="2" count="0"/>
        <line num="15" type="stmt" count="0"/>
        <line num="17" type="stmt" count="0"/>
        <line num="18" type="stmt" count="0"/>
        <metrics loc="19" ncloc="16" classes="1" methods="1" coveredmethods="0" conditionals="0" coveredconditionals="0" statements="3" coveredstatements="0" elements="4" coveredelements="0"/>
      </file>
      <file name="C:\wamp\www\meek-http\src/Request.php">
        <class name="Request" namespace="Meek\Http">
          <metrics methods="19" coveredmethods="0" conditionals="0" coveredconditionals="0" statements="51" coveredstatements="0" elements="70" coveredelements="0"/>
        </class>
        <line num="25" type="method" name="__construct" crap="6" count="0"/>
        <line num="26" type="stmt" count="0"/>
        <line num="27" type="stmt" count="0"/>
        <line num="28" type="stmt" count="0"/>
        <line num="29" type="stmt" count="0"/>
        <line num="30" type="stmt" count="0"/>
        <line num="31" type="stmt" count="0"/>
        <line num="33" type="method" name="create" crap="2" count="0"/>
        <line num="42" type="stmt" count="0"/>
        <line num="44" type="method" name="getRequestTarget" crap="20" count="0"/>
        <line num="46" type="stmt" count="0"/>
        <line num="47" type="stmt" count="0"/>
        <line num="49" type="stmt" count="0"/>
        <line num="50" type="stmt" count="0"/>
        <line num="51" type="stmt" count="0"/>
        <line num="53" type="stmt" count="0"/>
        <line num="55" type="stmt" count="0"/>
        <line num="56" type="stmt" count="0"/>
        <line num="57" type="stmt" count="0"/>
        <line num="59" type="stmt" count="0"/>
        <line num="60" type="stmt" count="0"/>
        <line num="62" type="stmt" count="0"/>
        <line num="65" type="method" name="withRequestTarget" crap="2" count="0"/>
        <line num="68" type="stmt" count="0"/>
        <line num="70" type="method" name="getMethod" crap="2" count="0"/>
        <line num="72" type="stmt" count="0"/>
        <line num="75" type="method" name="withMethod" crap="2" count="0"/>
        <line num="78" type="stmt" count="0"/>
        <line num="84" type="method" name="getUri" crap="6" count="0"/>
        <line num="87" type="stmt" count="0"/>
        <line num="88" type="stmt" count="0"/>
        <line num="89" type="stmt" count="0"/>
        <line num="91" type="stmt" count="0"/>
        <line num="94" type="method" name="withUri" crap="2" count="0"/>
        <line num="97" type="stmt" count="0"/>
        <line num="105" type="method" name="getParam" crap="20" count="0"/>
        <line num="108" type="stmt" count="0"/>
        <line num="109" type="stmt" count="0"/>
        <line num="112" type="stmt" count="0"/>
        <line num="113" type="stmt" count="0"/>
        <line num="116" type="stmt" count="0"/>
        <line num="117" type="stmt" count="0"/>
        <line num="120" type="stmt" count="0"/>
        <line num="127" type="method" name="setSession" crap="2" count="0"/>
        <line num="129" type="stmt" count="0"/>
        <line num="131" type="stmt" count="0"/>
        <line num="138" type="method" name="getQueryParams" crap="2" count="0"/>
        <line num="140" type="stmt" count="0"/>
        <line num="147" type="method" name="getRequestParams" crap="2" count="0"/>
        <line num="149" type="stmt" count="0"/>
        <line num="156" type="method" name="getCookies" crap="2" count="0"/>
        <line num="158" type="stmt" count="0"/>
        <line num="165" type="method" name="getServer" crap="2" count="0"/>
        <line num="167" type="stmt" count="0"/>
        <line num="174" type="method" name="getFiles" crap="2" count="0"/>
        <line num="176" type="stmt" count="0"/>
        <line num="184" type="method" name="__get" crap="6" count="0"/>
        <line num="186" type="stmt" count="0"/>
        <line num="194" type="method" name="__set" crap="6" count="0"/>
        <line num="196" type="stmt" count="0"/>
        <line num="197" type="stmt" count="0"/>
        <line num="200" type="stmt" count="0"/>
        <line num="201" type="stmt" count="0"/>
        <line num="208" type="method" name="__isset" crap="2" count="0"/>
        <line num="210" type="stmt" count="0"/>
        <line num="217" type="method" name="__unset" crap="6" count="0"/>
        <line num="219" type="stmt" count="0"/>
        <line num="220" type="stmt" count="0"/>
        <line num="221" type="stmt" count="0"/>
        <line num="222" type="stmt" count="0"/>
        <metrics loc="223" ncloc="162" classes="1" methods="19" coveredmethods="0" conditionals="0" coveredconditionals="0" statements="51" coveredstatements="0" elements="70" coveredelements="0"/>
      </file>
      <file name="C:\wamp\www\meek-http\src/Response.php">
        <class name="Response" namespace="Meek\Http">
          <metrics methods="16" coveredmethods="0" conditionals="0" coveredconditionals="0" statements="56" coveredstatements="0" elements="72" coveredelements="0"/>
        </class>
        <line num="23" type="method" name="__construct" crap="2" count="0"/>
        <line num="25" type="stmt" count="0"/>
        <line num="26" type="stmt" count="0"/>
        <line num="27" type="stmt" count="0"/>
        <line num="28" type="stmt" count="0"/>
        <line num="30" type="method" name="getStatusCode" crap="2" count="0"/>
        <line num="32" type="stmt" count="0"/>
        <line num="35" type="method" name="withStatus" crap="2" count="0"/>
        <line num="38" type="stmt" count="0"/>
        <line num="40" type="method" name="getReasonPhrase" crap="2" count="0"/>
        <line num="42" type="stmt" count="0"/>
        <line num="45" type="method" name="setBody" crap="6" count="0"/>
        <line num="47" type="stmt" count="0"/>
        <line num="48" type="stmt" count="0"/>
        <line num="51" type="stmt" count="0"/>
        <line num="52" type="stmt" count="0"/>
        <line num="54" type="stmt" count="0"/>
        <line num="57" type="method" name="setStatus" crap="12" count="0"/>
        <line num="59" type="stmt" count="0"/>
        <line num="60" type="stmt" count="0"/>
        <line num="61" type="stmt" count="0"/>
        <line num="62" type="stmt" count="0"/>
        <line num="63" type="stmt" count="0"/>
        <line num="65" type="stmt" count="0"/>
        <line num="67" type="stmt" count="0"/>
        <line num="70" type="method" name="prepare" crap="2" count="0"/>
        <line num="72" type="stmt" count="0"/>
        <line num="75" type="method" name="send" crap="12" count="0"/>
        <line num="77" type="stmt" count="0"/>
        <line num="78" type="stmt" count="0"/>
        <line num="80" type="stmt" count="0"/>
        <line num="81" type="stmt" count="0"/>
        <line num="82" type="stmt" count="0"/>
        <line num="83" type="stmt" count="0"/>
        <line num="84" type="stmt" count="0"/>
        <line num="86" type="stmt" count="0"/>
        <line num="89" type="method" name="__toString" crap="2" count="0"/>
        <line num="91" type="stmt" count="0"/>
        <line num="93" type="stmt" count="0"/>
        <line num="94" type="stmt" count="0"/>
        <line num="95" type="stmt" count="0"/>
        <line num="96" type="stmt" count="0"/>
        <line num="98" type="stmt" count="0"/>
        <line num="101" type="method" name="__invoke" crap="2" count="0"/>
        <line num="103" type="stmt" count="0"/>
        <line num="104" type="stmt" count="0"/>
        <line num="106" type="method" name="__clone" crap="2" count="0"/>
        <line num="108" type="stmt" count="0"/>
        <line num="109" type="stmt" count="0"/>
        <line num="112" type="method" name="closeOutputBuffers" crap="90" count="0"/>
        <line num="114" type="stmt" count="0"/>
        <line num="115" type="stmt" count="0"/>
        <line num="117" type="stmt" count="0"/>
        <line num="118" type="stmt" count="0"/>
        <line num="119" type="stmt" count="0"/>
        <line num="120" type="stmt" count="0"/>
        <line num="121" type="stmt" count="0"/>
        <line num="122" type="stmt" count="0"/>
        <line num="124" type="stmt" count="0"/>
        <line num="125" type="stmt" count="0"/>
        <line num="127" type="method" name="getHttpStatusLine" crap="2" count="0"/>
        <line num="129" type="stmt" count="0"/>
        <line num="132" type="method" name="sendHeaders" crap="2" count="0"/>
        <line num="134" type="stmt" count="0"/>
        <line num="136" type="stmt" count="0"/>
        <line num="138" type="stmt" count="0"/>
        <line num="140" type="stmt" count="0"/>
        <line num="143" type="method" name="sendCookies" crap="2" count="0"/>
        <line num="146" type="stmt" count="0"/>
        <line num="148" type="method" name="sendBody" crap="2" count="0"/>
        <line num="150" type="stmt" count="0"/>
        <line num="151" type="stmt" count="0"/>
        <metrics loc="152" ncloc="146" classes="1" methods="16" coveredmethods="0" conditionals="0" coveredconditionals="0" statements="56" coveredstatements="0" elements="72" coveredelements="0"/>
      </file>
      <file name="C:\wamp\www\meek-http\src/ServerRequest.php">
        <class name="ServerRequest" namespace="Meek\Http">
          <metrics methods="15" coveredmethods="0" conditionals="0" coveredconditionals="0" statements="38" coveredstatements="0" elements="53" coveredelements="0"/>
        </class>
        <line num="18" type="method" name="__construct" crap="2" count="0"/>
        <line num="20" type="stmt" count="0"/>
        <line num="21" type="stmt" count="0"/>
        <line num="22" type="stmt" count="0"/>
        <line num="23" type="stmt" count="0"/>
        <line num="24" type="stmt" count="0"/>
        <line num="25" type="stmt" count="0"/>
        <line num="27" type="stmt" count="0"/>
        <line num="28" type="stmt" count="0"/>
        <line num="30" type="method" name="getServerParams" crap="2" count="0"/>
        <line num="32" type="stmt" count="0"/>
        <line num="35" type="method" name="getCookieParams" crap="2" count="0"/>
        <line num="37" type="stmt" count="0"/>
        <line num="40" type="method" name="withCookieParams" crap="2" count="0"/>
        <line num="43" type="stmt" count="0"/>
        <line num="45" type="method" name="getQueryParams" crap="2" count="0"/>
        <line num="47" type="stmt" count="0"/>
        <line num="50" type="method" name="withQueryParams" crap="2" count="0"/>
        <line num="53" type="stmt" count="0"/>
        <line num="55" type="method" name="getUploadedFiles" crap="2" count="0"/>
        <line num="57" type="stmt" count="0"/>
        <line num="60" type="method" name="withUploadedFiles" crap="2" count="0"/>
        <line num="63" type="stmt" count="0"/>
        <line num="65" type="method" name="getParsedBody" crap="2" count="0"/>
        <line num="68" type="stmt" count="0"/>
        <line num="70" type="method" name="withParsedBody" crap="2" count="0"/>
        <line num="73" type="stmt" count="0"/>
        <line num="75" type="method" name="getAttributes" crap="2" count="0"/>
        <line num="77" type="stmt" count="0"/>
        <line num="78" type="stmt" count="0"/>
        <line num="80" type="method" name="getAttribute" crap="2" count="0"/>
        <line num="82" type="stmt" count="0"/>
        <line num="85" type="method" name="withAttribute" crap="2" count="0"/>
        <line num="88" type="stmt" count="0"/>
        <line num="90" type="method" name="withoutAttribute" crap="2" count="0"/>
        <line num="93" type="stmt" count="0"/>
        <line num="95" type="method" name="createFromGlobals" crap="20" count="0"/>
        <line num="97" type="stmt" count="0"/>
        <line num="98" type="stmt" count="0"/>
        <line num="99" type="stmt" count="0"/>
        <line num="100" type="stmt" count="0"/>
        <line num="101" type="stmt" count="0"/>
        <line num="102" type="stmt" count="0"/>
        <line num="103" type="stmt" count="0"/>
        <line num="105" type="stmt" count="0"/>
        <line num="106" type="stmt" count="0"/>
        <line num="107" type="stmt" count="0"/>
        <line num="108" type="stmt" count="0"/>
        <line num="110" type="stmt" count="0"/>
        <line num="113" type="stmt" count="0"/>
        <line num="114" type="stmt" count="0"/>
        <line num="115" type="stmt" count="0"/>
        <line num="116" type="stmt" count="0"/>
        <metrics loc="118" ncloc="116" classes="1" methods="15" coveredmethods="0" conditionals="0" coveredconditionals="0" statements="38" coveredstatements="0" elements="53" coveredelements="0"/>
      </file>
      <file name="C:\wamp\www\meek-http\src/Session.php">
        <class name="Session" namespace="Meek\Http">
          <metrics methods="14" coveredmethods="0" conditionals="0" coveredconditionals="0" statements="67" coveredstatements="0" elements="81" coveredelements="0"/>
        </class>
        <line num="30" type="method" name="__construct" crap="2" count="0"/>
        <line num="32" type="stmt" count="0"/>
        <line num="33" type="stmt" count="0"/>
        <line num="34" type="stmt" count="0"/>
        <line num="40" type="method" name="start" crap="2" count="0"/>
        <line num="42" type="stmt" count="0"/>
        <line num="44" type="stmt" count="0"/>
        <line num="45" type="stmt" count="0"/>
        <line num="51" type="method" name="load" crap="56" count="0"/>
        <line num="53" type="stmt" count="0"/>
        <line num="54" type="stmt" count="0"/>
        <line num="56" type="stmt" count="0"/>
        <line num="57" type="stmt" count="0"/>
        <line num="58" type="stmt" count="0"/>
        <line num="60" type="stmt" count="0"/>
        <line num="61" type="stmt" count="0"/>
        <line num="62" type="stmt" count="0"/>
        <line num="63" type="stmt" count="0"/>
        <line num="64" type="stmt" count="0"/>
        <line num="65" type="stmt" count="0"/>
        <line num="66" type="stmt" count="0"/>
        <line num="67" type="stmt" count="0"/>
        <line num="68" type="stmt" count="0"/>
        <line num="69" type="stmt" count="0"/>
        <line num="70" type="stmt" count="0"/>
        <line num="73" type="stmt" count="0"/>
        <line num="74" type="stmt" count="0"/>
        <line num="75" type="stmt" count="0"/>
        <line num="83" type="method" name="get" crap="6" count="0"/>
        <line num="85" type="stmt" count="0"/>
        <line num="93" type="method" name="set" crap="2" count="0"/>
        <line num="95" type="stmt" count="0"/>
        <line num="97" type="stmt" count="0"/>
        <line num="105" type="method" name="exists" crap="2" count="0"/>
        <line num="107" type="stmt" count="0"/>
        <line num="115" type="method" name="remove" crap="6" count="0"/>
        <line num="117" type="stmt" count="0"/>
        <line num="118" type="stmt" count="0"/>
        <line num="119" type="stmt" count="0"/>
        <line num="121" type="stmt" count="0"/>
        <line num="128" type="method" name="destroy" crap="2" count="0"/>
        <line num="130" type="stmt" count="0"/>
        <line num="131" type="stmt" count="0"/>
        <line num="132" type="stmt" count="0"/>
        <line num="133" type="stmt" count="0"/>
        <line num="134" type="stmt" count="0"/>
        <line num="141" type="method" name="save" crap="30" count="0"/>
        <line num="144" type="stmt" count="0"/>
        <line num="146" type="stmt" count="0"/>
        <line num="147" type="stmt" count="0"/>
        <line num="148" type="stmt" count="0"/>
        <line num="150" type="stmt" count="0"/>
        <line num="151" type="stmt" count="0"/>
        <line num="152" type="stmt" count="0"/>
        <line num="154" type="stmt" count="0"/>
        <line num="155" type="stmt" count="0"/>
        <line num="157" type="stmt" count="0"/>
        <line num="158" type="stmt" count="0"/>
        <line num="159" type="stmt" count="0"/>
        <line num="160" type="stmt" count="0"/>
        <line num="166" type="method" name="migrate" crap="2" count="0"/>
        <line num="168" type="stmt" count="0"/>
        <line num="169" type="stmt" count="0"/>
        <line num="170" type="stmt" count="0"/>
        <line num="171" type="stmt" count="0"/>
        <line num="172" type="stmt" count="0"/>
        <line num="173" type="stmt" count="0"/>
        <line num="174" type="stmt" count="0"/>
        <line num="176" type="method" name="clear" crap="2" count="0"/>
        <line num="178" type="stmt" count="0"/>
        <line num="180" type="stmt" count="0"/>
        <line num="183" type="method" name="serialize" crap="2" count="0"/>
        <line num="185" type="stmt" count="0"/>
        <line num="188" type="method" name="unserialize" crap="2" count="0"/>
        <line num="190" type="stmt" count="0"/>
        <line num="193" type="method" name="uuidv4" crap="2" count="0"/>
        <line num="195" type="stmt" count="0"/>
        <line num="196" type="stmt" count="0"/>
        <line num="198" type="stmt" count="0"/>
        <line num="199" type="stmt" count="0"/>
        <line num="200" type="stmt" count="0"/>
        <metrics loc="202" ncloc="152" classes="1" methods="14" coveredmethods="0" conditionals="0" coveredconditionals="0" statements="67" coveredstatements="0" elements="81" coveredelements="0"/>
      </file>
      <file name="C:\wamp\www\meek-http\src/Status.php">
        <class name="Status" namespace="Meek\Http">
          <metrics methods="13" coveredmethods="0" conditionals="0" coveredconditionals="0" statements="26" coveredstatements="3" elements="39" coveredelements="3"/>
        </class>
        <line num="70" type="method" name="__construct" crap="4.31" count="4"/>
        <line num="72" type="stmt" count="4"/>
        <line num="74" type="stmt" count="0"/>
        <line num="75" type="stmt" count="0"/>
        <line num="76" type="stmt" count="0"/>
        <line num="78" type="stmt" count="0"/>
        <line num="79" type="stmt" count="0"/>
        <line num="85" type="method" name="getCode" crap="2" count="0"/>
        <line num="87" type="stmt" count="0"/>
        <line num="94" type="method" name="setCode" crap="2.50" count="4"/>
        <line num="96" type="stmt" count="4"/>
        <line num="97" type="stmt" count="4"/>
        <line num="100" type="stmt" count="0"/>
        <line num="102" type="stmt" count="0"/>
        <line num="109" type="method" name="getMessage" crap="2" count="0"/>
        <line num="111" type="stmt" count="0"/>
        <line num="118" type="method" name="setMessage" crap="2" count="0"/>
        <line num="120" type="stmt" count="0"/>
        <line num="122" type="stmt" count="0"/>
        <line num="129" type="method" name="isInformational" crap="6" count="0"/>
        <line num="131" type="stmt" count="0"/>
        <line num="138" type="method" name="isSuccessful" crap="6" count="0"/>
        <line num="140" type="stmt" count="0"/>
        <line num="147" type="method" name="isRedirection" crap="6" count="0"/>
        <line num="149" type="stmt" count="0"/>
        <line num="156" type="method" name="isClientError" crap="6" count="0"/>
        <line num="158" type="stmt" count="0"/>
        <line num="165" type="method" name="isServerError" crap="6" count="0"/>
        <line num="167" type="stmt" count="0"/>
        <line num="174" type="method" name="__toString" crap="2" count="0"/>
        <line num="176" type="stmt" count="0"/>
        <line num="183" type="method" name="getFormattedStatusLine" crap="6" count="0"/>
        <line num="185" type="stmt" count="0"/>
        <line num="187" type="stmt" count="0"/>
        <line num="188" type="stmt" count="0"/>
        <line num="189" type="stmt" count="0"/>
        <line num="191" type="stmt" count="0"/>
        <line num="199" type="method" name="getMessageFromCode" crap="6" count="0"/>
        <line num="201" type="stmt" count="0"/>
        <metrics loc="203" ncloc="139" classes="1" methods="13" coveredmethods="0" conditionals="0" coveredconditionals="0" statements="26" coveredstatements="3" elements="39" coveredelements="3"/>
      </file>
      <file name="C:\wamp\www\meek-http\src/StreamedResponse.php">
        <class name="StreamedResponse" namespace="Meek\Http">
          <metrics methods="5" coveredmethods="0" conditionals="0" coveredconditionals="0" statements="18" coveredstatements="0" elements="23" coveredelements="0"/>
        </class>
        <line num="15" type="method" name="__construct" crap="2" count="0"/>
        <line num="17" type="stmt" count="0"/>
        <line num="19" type="stmt" count="0"/>
        <line num="20" type="stmt" count="0"/>
        <line num="22" type="method" name="open" crap="2" count="0"/>
        <line num="25" type="stmt" count="0"/>
        <line num="27" type="method" name="close" crap="2" count="0"/>
        <line num="30" type="stmt" count="0"/>
        <line num="32" type="method" name="setPath" crap="6" count="0"/>
        <line num="34" type="stmt" count="0"/>
        <line num="35" type="stmt" count="0"/>
        <line num="38" type="stmt" count="0"/>
        <line num="39" type="stmt" count="0"/>
        <line num="40" type="stmt" count="0"/>
        <line num="41" type="stmt" count="0"/>
        <line num="43" type="stmt" count="0"/>
        <line num="46" type="method" name="send" crap="2" count="0"/>
        <line num="48" type="stmt" count="0"/>
        <line num="50" type="stmt" count="0"/>
        <line num="51" type="stmt" count="0"/>
        <line num="52" type="stmt" count="0"/>
        <line num="53" type="stmt" count="0"/>
        <line num="55" type="stmt" count="0"/>
        <metrics loc="57" ncloc="54" classes="1" methods="5" coveredmethods="0" conditionals="0" coveredconditionals="0" statements="18" coveredstatements="0" elements="23" coveredelements="0"/>
      </file>
      <file name="C:\wamp\www\meek-http\src/Uri.php">
        <class name="Uri" namespace="Meek\Http" fullPackage="Meek" package="Meek">
          <metrics methods="21" coveredmethods="0" conditionals="0" coveredconditionals="0" statements="102" coveredstatements="0" elements="123" coveredelements="0"/>
        </class>
        <line num="24" type="method" name="__construct" crap="12" count="0"/>
        <line num="26" type="stmt" count="0"/>
        <line num="27" type="stmt" count="0"/>
        <line num="28" type="stmt" count="0"/>
        <line num="30" type="stmt" count="0"/>
        <line num="31" type="stmt" count="0"/>
        <line num="32" type="stmt" count="0"/>
        <line num="34" type="stmt" count="0"/>
        <line num="36" type="stmt" count="0"/>
        <line num="37" type="stmt" count="0"/>
        <line num="38" type="stmt" count="0"/>
        <line num="39" type="stmt" count="0"/>
        <line num="40" type="stmt" count="0"/>
        <line num="41" type="stmt" count="0"/>
        <line num="42" type="stmt" count="0"/>
        <line num="43" type="stmt" count="0"/>
        <line num="45" type="method" name="getScheme" crap="2" count="0"/>
        <line num="47" type="stmt" count="0"/>
        <line num="50" type="method" name="getAuthority" crap="12" count="0"/>
        <line num="52" type="stmt" count="0"/>
        <line num="54" type="stmt" count="0"/>
        <line num="55" type="stmt" count="0"/>
        <line num="56" type="stmt" count="0"/>
        <line num="58" type="stmt" count="0"/>
        <line num="60" type="stmt" count="0"/>
        <line num="61" type="stmt" count="0"/>
        <line num="62" type="stmt" count="0"/>
        <line num="64" type="stmt" count="0"/>
        <line num="67" type="method" name="getUserInfo" crap="2" count="0"/>
        <line num="69" type="stmt" count="0"/>
        <line num="72" type="method" name="getHost" crap="2" count="0"/>
        <line num="74" type="stmt" count="0"/>
        <line num="77" type="method" name="getPort" crap="30" count="0"/>
        <line num="82" type="stmt" count="0"/>
        <line num="83" type="stmt" count="0"/>
        <line num="84" type="stmt" count="0"/>
        <line num="87" type="stmt" count="0"/>
        <line num="90" type="method" name="getPath" crap="2" count="0"/>
        <line num="92" type="stmt" count="0"/>
        <line num="95" type="method" name="getQuery" crap="2" count="0"/>
        <line num="97" type="stmt" count="0"/>
        <line num="100" type="method" name="getFragment" crap="2" count="0"/>
        <line num="102" type="stmt" count="0"/>
        <line num="105" type="method" name="setScheme" crap="2" count="0"/>
        <line num="107" type="stmt" count="0"/>
        <line num="109" type="stmt" count="0"/>
        <line num="112" type="method" name="setUserInfo" crap="6" count="0"/>
        <line num="114" type="stmt" count="0"/>
        <line num="115" type="stmt" count="0"/>
        <line num="116" type="stmt" count="0"/>
        <line num="118" type="stmt" count="0"/>
        <line num="120" type="stmt" count="0"/>
        <line num="123" type="method" name="setHost" crap="2" count="0"/>
        <line num="125" type="stmt" count="0"/>
        <line num="127" type="stmt" count="0"/>
        <line num="130" type="method" name="setPort" crap="2" count="0"/>
        <line num="132" type="stmt" count="0"/>
        <line num="134" type="stmt" count="0"/>
        <line num="137" type="method" name="setPath" crap="2" count="0"/>
        <line num="139" type="stmt" count="0"/>
        <line num="141" type="stmt" count="0"/>
        <line num="144" type="method" name="setQuery" crap="2" count="0"/>
        <line num="146" type="stmt" count="0"/>
        <line num="148" type="stmt" count="0"/>
        <line num="151" type="method" name="setFragment" crap="2" count="0"/>
        <line num="153" type="stmt" count="0"/>
        <line num="155" type="stmt" count="0"/>
        <line num="158" type="method" name="createFromRequest" crap="20" count="0"/>
        <line num="160" type="stmt" count="0"/>
        <line num="161" type="stmt" count="0"/>
        <line num="162" type="stmt" count="0"/>
        <line num="163" type="stmt" count="0"/>
        <line num="164" type="stmt" count="0"/>
        <line num="165" type="stmt" count="0"/>
        <line num="166" type="stmt" count="0"/>
        <line num="167" type="stmt" count="0"/>
        <line num="168" type="stmt" count="0"/>
        <line num="171" type="method" name="parse" crap="2" count="0"/>
        <line num="173" type="stmt" count="0"/>
        <line num="177" type="method" name="compile" crap="30" count="0"/>
        <line num="179" type="stmt" count="0"/>
        <line num="181" type="stmt" count="0"/>
        <line num="182" type="stmt" count="0"/>
        <line num="183" type="stmt" count="0"/>
        <line num="184" type="stmt" count="0"/>
        <line num="186" type="stmt" count="0"/>
        <line num="187" type="stmt" count="0"/>
        <line num="188" type="stmt" count="0"/>
        <line num="189" type="stmt" count="0"/>
        <line num="191" type="stmt" count="0"/>
        <line num="193" type="stmt" count="0"/>
        <line num="194" type="stmt" count="0"/>
        <line num="195" type="stmt" count="0"/>
        <line num="196" type="stmt" count="0"/>
        <line num="198" type="stmt" count="0"/>
        <line num="199" type="stmt" count="0"/>
        <line num="200" type="stmt" count="0"/>
        <line num="201" type="stmt" count="0"/>
        <line num="203" type="stmt" count="0"/>
        <line num="206" type="method" name="build" crap="30" count="0"/>
        <line num="208" type="stmt" count="0"/>
        <line num="211" type="stmt" count="0"/>
        <line num="212" type="stmt" count="0"/>
        <line num="213" type="stmt" count="0"/>
        <line num="216" type="stmt" count="0"/>
        <line num="217" type="stmt" count="0"/>
        <line num="218" type="stmt" count="0"/>
        <line num="229" type="stmt" count="0"/>
        <line num="232" type="stmt" count="0"/>
        <line num="233" type="stmt" count="0"/>
        <line num="234" type="stmt" count="0"/>
        <line num="237" type="stmt" count="0"/>
        <line num="238" type="stmt" count="0"/>
        <line num="239" type="stmt" count="0"/>
        <line num="241" type="stmt" count="0"/>
        <line num="244" type="method" name="__toString" crap="2" count="0"/>
        <line num="246" type="stmt" count="0"/>
        <line num="247" type="stmt" count="0"/>
        <line num="248" type="stmt" count="0"/>
        <line num="249" type="stmt" count="0"/>
        <line num="250" type="stmt" count="0"/>
        <line num="251" type="stmt" count="0"/>
        <line num="252" type="stmt" count="0"/>
        <metrics loc="254" ncloc="220" classes="1" methods="21" coveredmethods="0" conditionals="0" coveredconditionals="0" statements="102" coveredstatements="0" elements="123" coveredelements="0"/>
      </file>
    </package>
    <package name="Meek\Http\Collections">
      <file name="C:\wamp\www\meek-http\src/Collections/FileList.php">
        <class name="FileList" namespace="Meek\Http\Collections">
          <metrics methods="0" coveredmethods="0" conditionals="0" coveredconditionals="0" statements="0" coveredstatements="0" elements="0" coveredelements="0"/>
        </class>
        <metrics loc="10" ncloc="10" classes="1" methods="0" coveredmethods="0" conditionals="0" coveredconditionals="0" statements="0" coveredstatements="0" elements="0" coveredelements="0"/>
      </file>
      <file name="C:\wamp\www\meek-http\src/Collections/ServerData.php">
        <class name="ServerData" namespace="Meek\Http\Collections">
          <metrics methods="2" coveredmethods="0" conditionals="0" coveredconditionals="0" statements="10" coveredstatements="0" elements="12" coveredelements="0"/>
        </class>
        <line num="12" type="method" name="getHeaders" crap="20" count="0"/>
        <line num="14" type="stmt" count="0"/>
        <line num="16" type="stmt" count="0"/>
        <line num="17" type="stmt" count="0"/>
        <line num="18" type="stmt" count="0"/>
        <line num="19" type="stmt" count="0"/>
        <line num="20" type="stmt" count="0"/>
        <line num="21" type="stmt" count="0"/>
        <line num="22" type="stmt" count="0"/>
        <line num="24" type="stmt" count="0"/>
        <line num="27" type="method" name="hasPrefix" crap="2" count="0"/>
        <line num="29" type="stmt" count="0"/>
        <metrics loc="31" ncloc="31" classes="1" methods="2" coveredmethods="0" conditionals="0" coveredconditionals="0" statements="10" coveredstatements="0" elements="12" coveredelements="0"/>
      </file>
    </package>
    <package name="Meek\Http\Session">
      <file name="C:\wamp\www\meek-http\src/Session/PdoStorageDriver.php">
        <class name="PdoStorageDriver" namespace="Meek\Http\Session">
          <metrics methods="7" coveredmethods="0" conditionals="0" coveredconditionals="0" statements="35" coveredstatements="0" elements="42" coveredelements="0"/>
        </class>
        <line num="12" type="method" name="__construct" crap="2" count="0"/>
        <line num="14" type="stmt" count="0"/>
        <line num="15" type="stmt" count="0"/>
        <line num="17" type="method" name="open" crap="2" count="0"/>
        <line num="20" type="stmt" count="0"/>
        <line num="22" type="method" name="close" crap="2" count="0"/>
        <line num="25" type="stmt" count="0"/>
        <line num="27" type="method" name="read" crap="20" count="0"/>
        <line num="29" type="stmt" count="0"/>
        <line num="31" type="stmt" count="0"/>
        <line num="32" type="stmt" count="0"/>
        <line num="33" type="stmt" count="0"/>
        <line num="35" type="stmt" count="0"/>
        <line num="37" type="stmt" count="0"/>
        <line num="38" type="stmt" count="0"/>
        <line num="39" type="stmt" count="0"/>
        <line num="42" type="stmt" count="0"/>
        <line num="43" type="stmt" count="0"/>
        <line num="44" type="stmt" count="0"/>
        <line num="46" type="stmt" count="0"/>
        <line num="48" type="method" name="write" crap="2" count="0"/>
        <line num="50" type="stmt" count="0"/>
        <line num="53" type="stmt" count="0"/>
        <line num="55" type="stmt" count="0"/>
        <line num="56" type="stmt" count="0"/>
        <line num="57" type="stmt" count="0"/>
        <line num="58" type="stmt" count="0"/>
        <line num="59" type="stmt" count="0"/>
        <line num="60" type="stmt" count="0"/>
        <line num="61" type="stmt" count="0"/>
        <line num="63" type="method" name="destroy" crap="2" count="0"/>
        <line num="65" type="stmt" count="0"/>
        <line num="67" type="stmt" count="0"/>
        <line num="68" type="stmt" count="0"/>
        <line num="69" type="stmt" count="0"/>
        <line num="70" type="stmt" count="0"/>
        <line num="72" type="method" name="gc" crap="2" count="0"/>
        <line num="74" type="stmt" count="0"/>
        <line num="76" type="stmt" count="0"/>
        <line num="77" type="stmt" count="0"/>
        <line num="78" type="stmt" count="0"/>
        <line num="79" type="stmt" count="0"/>
        <metrics loc="80" ncloc="80" classes="1" methods="7" coveredmethods="0" conditionals="0" coveredconditionals="0" statements="35" coveredstatements="0" elements="42" coveredelements="0"/>
      </file>
    </package>
    <file name="C:\wamp\www\meek-http\src/Session/StorageHandler.php">
      <metrics loc="13" ncloc="13" classes="0" methods="0" coveredmethods="0" conditionals="0" coveredconditionals="0" statements="0" coveredstatements="0" elements="0" coveredelements="0"/>
    </file>
    <package name="Meek\Http\Uri">
      <file name="C:\wamp\www\meek-http\src/Uri/Parser.php">
        <class name="Parser" namespace="Meek\Http\Uri">
          <metrics methods="3" coveredmethods="0" conditionals="0" coveredconditionals="0" statements="53" coveredstatements="0" elements="56" coveredelements="0"/>
        </class>
        <line num="40" type="method" name="getComponents" crap="2" count="0"/>
        <line num="43" type="stmt" count="0"/>
        <line num="45" type="stmt" count="0"/>
        <line num="47" type="stmt" count="0"/>
        <line num="67" type="method" name="parse" crap="2" count="0"/>
        <line num="69" type="stmt" count="0"/>
        <line num="70" type="stmt" count="0"/>
        <line num="71" type="stmt" count="0"/>
        <line num="72" type="stmt" count="0"/>
        <line num="73" type="stmt" count="0"/>
        <line num="74" type="stmt" count="0"/>
        <line num="75" type="stmt" count="0"/>
        <line num="76" type="stmt" count="0"/>
        <line num="77" type="stmt" count="0"/>
        <line num="78" type="stmt" count="0"/>
        <line num="79" type="stmt" count="0"/>
        <line num="80" type="stmt" count="0"/>
        <line num="83" type="stmt" count="0"/>
        <line num="87" type="stmt" count="0"/>
        <line num="88" type="stmt" count="0"/>
        <line num="89" type="stmt" count="0"/>
        <line num="90" type="stmt" count="0"/>
        <line num="91" type="stmt" count="0"/>
        <line num="92" type="stmt" count="0"/>
        <line num="93" type="stmt" count="0"/>
        <line num="94" type="stmt" count="0"/>
        <line num="95" type="stmt" count="0"/>
        <line num="96" type="stmt" count="0"/>
        <line num="97" type="stmt" count="0"/>
        <line num="98" type="stmt" count="0"/>
        <line num="99" type="stmt" count="0"/>
        <line num="100" type="stmt" count="0"/>
        <line num="101" type="stmt" count="0"/>
        <line num="102" type="stmt" count="0"/>
        <line num="105" type="stmt" count="0"/>
        <line num="106" type="stmt" count="0"/>
        <line num="107" type="stmt" count="0"/>
        <line num="108" type="stmt" count="0"/>
        <line num="109" type="stmt" count="0"/>
        <line num="110" type="stmt" count="0"/>
        <line num="111" type="stmt" count="0"/>
        <line num="112" type="stmt" count="0"/>
        <line num="115" type="stmt" count="0"/>
        <line num="116" type="stmt" count="0"/>
        <line num="117" type="stmt" count="0"/>
        <line num="118" type="stmt" count="0"/>
        <line num="120" type="stmt" count="0"/>
        <line num="122" type="stmt" count="0"/>
        <line num="124" type="stmt" count="0"/>
        <line num="127" type="method" name="filterMatches" crap="12" count="0"/>
        <line num="129" type="stmt" count="0"/>
        <line num="130" type="stmt" count="0"/>
        <line num="131" type="stmt" count="0"/>
        <line num="132" type="stmt" count="0"/>
        <line num="133" type="stmt" count="0"/>
        <line num="134" type="stmt" count="0"/>
        <metrics loc="135" ncloc="92" classes="1" methods="3" coveredmethods="0" conditionals="0" coveredconditionals="0" statements="53" coveredstatements="0" elements="56" coveredelements="0"/>
      </file>
    </package>
    <metrics files="21" loc="2326" ncloc="1956" classes="20" methods="192" coveredmethods="10" conditionals="0" coveredconditionals="0" statements="704" coveredstatements="60" elements="896" coveredelements="70"/>
  </project>
</coverage>
